0 info it worked if it ends with ok
1 verbose cli [ 'D:\\toolSoft\\nodejs\\node.exe',
1 verbose cli   'D:\\toolSoft\\nodejs\\node_modules\\npm\\bin\\npm-cli.js',
1 verbose cli   'run',
1 verbose cli   'build' ]
2 info using npm@3.10.10
3 info using node@v6.10.2
4 verbose run-script [ 'prebuild', 'build', 'postbuild' ]
5 info lifecycle enta@1.0.0~prebuild: enta@1.0.0
6 silly lifecycle enta@1.0.0~prebuild: no script for prebuild, continuing
7 info lifecycle enta@1.0.0~build: enta@1.0.0
8 verbose lifecycle enta@1.0.0~build: unsafe-perm in lifecycle true
9 verbose lifecycle enta@1.0.0~build: PATH: D:\toolSoft\nodejs\node_modules\npm\bin\node-gyp-bin;E:\learningFolder\enta\node_modules\.bin;C:\Windows\system32;C:\Windows;C:\Windows\System32\Wbem;C:\Windows\System32\WindowsPowerShell\v1.0\;D:\toolSoft\nodejs\;D:\toolSoft\Git\cmd;D:\toolSoft\TortoiseGit\bin;D:\toolSoft\Ruby22-x64\bin;C:\Users\shinemo\AppData\Local\Microsoft\WindowsApps;C:\Users\shinemo\AppData\Roaming\npm;C:\Users\shinemo\AppData\Local\Programs\Fiddler
10 verbose lifecycle enta@1.0.0~build: CWD: E:\learningFolder\enta
11 silly lifecycle enta@1.0.0~build: Args: [ '/d /s /c', 'webpack' ]
12 silly lifecycle enta@1.0.0~build: Returned: code: 2  signal: null
13 info lifecycle enta@1.0.0~build: Failed to exec build script
14 verbose stack Error: enta@1.0.0 build: `webpack`
14 verbose stack Exit status 2
14 verbose stack     at EventEmitter.<anonymous> (D:\toolSoft\nodejs\node_modules\npm\lib\utils\lifecycle.js:255:16)
14 verbose stack     at emitTwo (events.js:106:13)
14 verbose stack     at EventEmitter.emit (events.js:191:7)
14 verbose stack     at ChildProcess.<anonymous> (D:\toolSoft\nodejs\node_modules\npm\lib\utils\spawn.js:40:14)
14 verbose stack     at emitTwo (events.js:106:13)
14 verbose stack     at ChildProcess.emit (events.js:191:7)
14 verbose stack     at maybeClose (internal/child_process.js:886:16)
14 verbose stack     at Process.ChildProcess._handle.onexit (internal/child_process.js:226:5)
15 verbose pkgid enta@1.0.0
16 verbose cwd E:\learningFolder\enta
17 error Windows_NT 10.0.14393
18 error argv "D:\\toolSoft\\nodejs\\node.exe" "D:\\toolSoft\\nodejs\\node_modules\\npm\\bin\\npm-cli.js" "run" "build"
19 error node v6.10.2
20 error npm  v3.10.10
21 error code ELIFECYCLE
22 error enta@1.0.0 build: `webpack`
22 error Exit status 2
23 error Failed at the enta@1.0.0 build script 'webpack'.
23 error Make sure you have the latest version of node.js and npm installed.
23 error If you do, this is most likely a problem with the enta package,
23 error not with npm itself.
23 error Tell the author that this fails on your system:
23 error     webpack
23 error You can get information on how to open an issue for this project with:
23 error     npm bugs enta
23 error Or if that isn't available, you can get their info via:
23 error     npm owner ls enta
23 error There is likely additional logging output above.
24 verbose exit [ 1, true ]
